INFO - 2026-02-23 01:26:10,025 - root - main - Starting VirusScanner Consumer with Metrics/Health on port 9090
INFO - 2026-02-23 01:26:10,026 - aether_platform.virusscan.consumer.interfaces.worker.handler - handler - Starting Virus Scanner Consumer (Backend: RedisQueueProvider, Queues: ['scan_priority', 'scan_normal'])
/mnt/c/workspace/vibecoding-platform/app/ncs/virusscanner/image/src/aether_platform/virusscan/consumer/infrastructure/coordinator.py:121: RuntimeWarning: coroutine 'RedisStateStoreProvider.set' was never awaited
  self.state_store.set(heartbeat_key, f"{now}|{self.current_epoch}", ex=60)
RuntimeWarning: Enable tracemalloc to get the object allocation traceback
/mnt/c/workspace/vibecoding-platform/app/ncs/virusscanner/image/src/aether_platform/virusscan/consumer/infrastructure/coordinator.py:122: RuntimeWarning: coroutine 'RedisStateStoreProvider.sadd' was never awaited
  self.state_store.sadd("clamav:active_nodes", self.pod_name)
RuntimeWarning: Enable tracemalloc to get the object allocation traceback
ERROR - 2026-02-23 01:26:11,232 - aether_platform.virusscan.consumer.interfaces.worker.handler - handler - Coordination loop error: 'coroutine' object is not subscriptable
/mnt/c/workspace/vibecoding-platform/app/ncs/virusscanner/image/src/aether_platform/virusscan/consumer/interfaces/worker/handler.py:123: RuntimeWarning: coroutine 'RedisStateStoreProvider.mget' was never awaited
  self.logger.error(f"Coordination loop error: {e}")
RuntimeWarning: Enable tracemalloc to get the object allocation traceback
INFO - 2026-02-23 01:26:11,254 - aether_platform.virusscan.consumer.interfaces.worker.handler - handler - Worker [High-Staff-0] started. Primary=scan_priority, Secondary=scan_normal
INFO - 2026-02-23 01:26:11,255 - aether_platform.virusscan.consumer.interfaces.worker.handler - handler - Worker [High-Staff-1] started. Primary=scan_priority, Secondary=scan_normal
INFO - 2026-02-23 01:26:11,255 - aether_platform.virusscan.consumer.interfaces.worker.handler - handler - Worker [High-Staff-2] started. Primary=scan_priority, Secondary=scan_normal
INFO - 2026-02-23 01:26:11,256 - aether_platform.virusscan.consumer.interfaces.worker.handler - handler - Worker [High-Staff-3] started. Primary=scan_priority, Secondary=scan_normal
INFO - 2026-02-23 01:26:11,256 - aether_platform.virusscan.consumer.interfaces.worker.handler - handler - Worker [Low-Staff-0] started. Primary=scan_normal, Secondary=None
ERROR - 2026-02-23 01:26:22,519 - aether_platform.virusscan.consumer.application.service - service - Failed to process task: 'RedisQueueProvider' object has no attribute 'set'
ERROR - 2026-02-23 01:26:42,741 - aether_platform.virusscan.consumer.interfaces.worker.handler - handler - Coordination loop error: 'coroutine' object is not subscriptable
ERROR - 2026-02-23 01:27:14,166 - aether_platform.virusscan.consumer.interfaces.worker.handler - handler - Coordination loop error: 'coroutine' object is not subscriptable
ERROR - 2026-02-23 01:27:45,636 - aether_platform.virusscan.consumer.interfaces.worker.handler - handler - Coordination loop error: 'coroutine' object is not subscriptable
INFO - 2026-02-23 01:28:01,194 - root - main - Graceful shutdown signal received...
INFO - 2026-02-23 01:28:01,194 - root - main - Graceful shutdown signal received...
INFO - 2026-02-23 01:28:01,341 - root - main - Graceful shutdown signal received...
INFO - 2026-02-23 01:28:01,341 - root - main - Graceful shutdown signal received...
INFO - 2026-02-23 01:28:01,900 - aether_platform.virusscan.consumer.interfaces.worker.handler - handler - Worker [Low-Staff-0] shutting down gracefully...
INFO - 2026-02-23 01:28:01,900 - aether_platform.virusscan.consumer.interfaces.worker.handler - handler - Worker [High-Staff-0] shutting down gracefully...
INFO - 2026-02-23 01:28:01,901 - aether_platform.virusscan.consumer.interfaces.worker.handler - handler - Worker [High-Staff-1] shutting down gracefully...
INFO - 2026-02-23 01:28:01,901 - aether_platform.virusscan.consumer.interfaces.worker.handler - handler - Worker [High-Staff-2] shutting down gracefully...
INFO - 2026-02-23 01:28:01,901 - aether_platform.virusscan.consumer.interfaces.worker.handler - handler - Worker [High-Staff-3] shutting down gracefully...
INFO - 2026-02-23 01:28:17,121 - aether_platform.virusscan.consumer.interfaces.worker.handler - handler - Coordination loop shutting down gracefully...
