   Building virus-scanner-image @ file:///mnt/c/workspace/vibecoding-platform/app/ncs/virusscanner/image
      Built virus-scanner-image @ file:///mnt/c/workspace/vibecoding-platform/app/ncs/virusscanner/image
Uninstalled 1 package in 34ms
warning: Failed to hardlink files; falling back to full copy. This may lead to degraded performance.
         If the cache and target directories are on different filesystems, hardlinking may not be supported.
         If this is intentional, set `export UV_LINK_MODE=copy` or use `--link-mode=copy` to suppress this warning.
Installed 1 package in 198ms
Traceback (most recent call last):
  File "/mnt/c/workspace/vibecoding-platform/app/ncs/virusscanner/image/.venv/bin/virus-scanner-producer", line 10, in <module>
    sys.exit(main())
             ~~~~^^
  File "/mnt/c/workspace/vibecoding-platform/app/ncs/virusscanner/image/src/aether_platform/virusscan/producer/main.py", line 103, in main
    asyncio.run(serve())
    ~~~~~~~~~~~^^^^^^^^^
  File "/root/.local/share/uv/python/cpython-3.13.5-linux-x86_64-gnu/lib/python3.13/asyncio/runners.py", line 195, in run
    return runner.run(main)
           ~~~~~~~~~~^^^^^^
  File "/root/.local/share/uv/python/cpython-3.13.5-linux-x86_64-gnu/lib/python3.13/asyncio/runners.py", line 118, in run
    return self._loop.run_until_complete(task)
           ~~~~~~~~~~~~~~~~~~~~~~~~~~~~~^^^^^^
  File "/root/.local/share/uv/python/cpython-3.13.5-linux-x86_64-gnu/lib/python3.13/asyncio/base_events.py", line 725, in run_until_complete
    return future.result()
           ~~~~~~~~~~~~~^^
  File "/mnt/c/workspace/vibecoding-platform/app/ncs/virusscanner/image/.venv/lib/python3.13/site-packages/dependency_injector/wiring.py", line 1175, in _patched
    async with resolver as kwargs:
               ^^^^^^^^
  File "src/dependency_injector/_cwiring.pyx", line 79, in __aenter__
  File "src/dependency_injector/_cwiring.pyx", line 44, in dependency_injector._cwiring.DependencyResolver._handle_injections_async
  File "src/dependency_injector/providers.pyx", line 231, in dependency_injector.providers.Provider.__call__
  File "src/dependency_injector/providers.pyx", line 3021, in dependency_injector.providers.Singleton._provide
  File "src/dependency_injector/providers.pxd", line 646, in dependency_injector.providers.__factory_call
  File "src/dependency_injector/providers.pxd", line 573, in dependency_injector.providers.__call
  File "src/dependency_injector/providers.pxd", line 441, in dependency_injector.providers.__provide_keyword_args
  File "src/dependency_injector/providers.pxd", line 361, in dependency_injector.providers.__get_value
  File "src/dependency_injector/providers.pyx", line 231, in dependency_injector.providers.Provider.__call__
  File "src/dependency_injector/providers.pyx", line 3021, in dependency_injector.providers.Singleton._provide
  File "src/dependency_injector/providers.pxd", line 646, in dependency_injector.providers.__factory_call
  File "src/dependency_injector/providers.pxd", line 604, in dependency_injector.providers.__call
  File "/mnt/c/workspace/vibecoding-platform/app/ncs/virusscanner/image/.venv/lib/python3.13/site-packages/flagsmith/flagsmith.py", line 134, in __init__
    raise ValueError("environment_key is required.")
ValueError: environment_key is required.
